[29.10.2022 10:22:36 ] [INFO] [main] [<module>: 5] => Start
[29.10.2022 10:22:38 ] [INFO] [user_interface] [menu: 45] => User select item menu: 4
[29.10.2022 10:23:02 ] [INFO] [user_interface] [menu: 50] => User add new record: {name}
[29.10.2022 11:02:34 ] [INFO] [main] [<module>: 5] => Start
[29.10.2022 11:02:36 ] [INFO] [user_interface] [menu: 45] => User select item menu: 4
[29.10.2022 11:02:51 ] [INFO] [user_interface] [menu: 50] => User add new record
[29.10.2022 11:04:54 ] [INFO] [main] [<module>: 5] => Start
[29.10.2022 11:04:56 ] [INFO] [user_interface] [menu: 45] => User select item menu: 4
[29.10.2022 11:05:11 ] [INFO] [user_interface] [menu: 50] => User add new record
[29.10.2022 12:04:28 ] [INFO] [main] [<module>: 5] => Start
[29.10.2022 12:04:31 ] [INFO] [user_interface] [menu: 28] => User select item menu: 1
[29.10.2022 12:05:05 ] [INFO] [main] [<module>: 5] => Start
[29.10.2022 12:05:07 ] [INFO] [user_interface] [menu: 28] => User select item menu: 1
[29.10.2022 12:11:53 ] [INFO] [main] [<module>: 5] => Start
[29.10.2022 12:11:55 ] [INFO] [user_interface] [menu: 28] => User select item menu: 1
[29.10.2022 12:12:05 ] [INFO] [user_interface] [menu: 45] => User select item menu: 4
[29.10.2022 12:12:30 ] [INFO] [user_interface] [menu: 50] => User add new record
[29.10.2022 12:12:58 ] [INFO] [main] [<module>: 5] => Start
[29.10.2022 12:13:00 ] [INFO] [user_interface] [menu: 28] => User select item menu: 1
[29.10.2022 12:13:20 ] [INFO] [main] [<module>: 5] => Start
[29.10.2022 12:13:22 ] [INFO] [user_interface] [menu: 28] => User select item menu: 1
[29.10.2022 12:16:04 ] [INFO] [main] [<module>: 5] => Start
[29.10.2022 12:16:06 ] [INFO] [user_interface] [menu: 28] => User select item menu: 1
[29.10.2022 12:27:18 ] [INFO] [main] [<module>: 5] => Start
[29.10.2022 12:27:19 ] [INFO] [user_interface] [menu: 28] => User select item menu: 1
[29.10.2022 12:32:43 ] [INFO] [main] [<module>: 5] => Start
[29.10.2022 12:32:44 ] [INFO] [user_interface] [menu: 45] => User select item menu: 4
[29.10.2022 12:33:05 ] [INFO] [user_interface] [menu: 50] => User add new record
[29.10.2022 12:33:36 ] [INFO] [main] [<module>: 5] => Start
[29.10.2022 12:33:39 ] [INFO] [user_interface] [menu: 28] => User select item menu: 1
[29.10.2022 12:41:04 ] [INFO] [main] [<module>: 5] => Start
[29.10.2022 12:41:06 ] [INFO] [user_interface] [menu: 28] => User select item menu: 1
[29.10.2022 12:44:33 ] [INFO] [main] [<module>: 5] => Start
[29.10.2022 12:44:35 ] [INFO] [user_interface] [menu: 28] => User select item menu: 1
[29.10.2022 12:45:26 ] [INFO] [main] [<module>: 5] => Start
[29.10.2022 12:45:27 ] [INFO] [user_interface] [menu: 28] => User select item menu: 1
[29.10.2022 12:46:38 ] [INFO] [main] [<module>: 5] => Start
[29.10.2022 12:46:39 ] [INFO] [user_interface] [menu: 28] => User select item menu: 1
[29.10.2022 12:47:05 ] [INFO] [main] [<module>: 5] => Start
[29.10.2022 12:47:08 ] [INFO] [user_interface] [menu: 28] => User select item menu: 1
[29.10.2022 12:50:17 ] [INFO] [main] [<module>: 5] => Start
[29.10.2022 12:50:19 ] [INFO] [user_interface] [menu: 28] => User select item menu: 1
[29.10.2022 12:52:07 ] [INFO] [main] [<module>: 5] => Start
[29.10.2022 12:52:09 ] [INFO] [user_interface] [menu: 28] => User select item menu: 1
[29.10.2022 13:35:16 ] [INFO] [main] [<module>: 5] => Start
[29.10.2022 13:35:17 ] [INFO] [user_interface] [menu: 45] => User select item menu: 4
[29.10.2022 13:35:40 ] [INFO] [user_interface] [menu: 50] => User add new record
[29.10.2022 14:00:03 ] [INFO] [main] [<module>: 5] => Start
[29.10.2022 14:00:05 ] [INFO] [user_interface] [menu: 28] => User select item menu: 1
[29.10.2022 14:01:12 ] [INFO] [main] [<module>: 5] => Start
[29.10.2022 14:01:13 ] [INFO] [user_interface] [menu: 28] => User select item menu: 1
[29.10.2022 14:02:04 ] [INFO] [main] [<module>: 5] => Start
[29.10.2022 14:02:06 ] [INFO] [user_interface] [menu: 28] => User select item menu: 1
[29.10.2022 14:03:32 ] [INFO] [main] [<module>: 5] => Start
[29.10.2022 14:03:34 ] [INFO] [user_interface] [menu: 28] => User select item menu: 1
[29.10.2022 14:03:38 ] [INFO] [user_interface] [menu: 45] => User select item menu: 4
[29.10.2022 14:03:58 ] [INFO] [user_interface] [menu: 50] => User add new record
[29.10.2022 17:04:58 ] [INFO] [main] [<module>: 5] => Start
[29.10.2022 17:05:01 ] [INFO] [user_interface] [menu: 32] => User select item menu: 2
[29.10.2022 17:05:11 ] [INFO] [user_interface] [menu: 34] => User enter: {search}
[29.10.2022 18:06:55 ] [INFO] [main] [<module>: 5] => Start
[29.10.2022 18:06:59 ] [INFO] [user_interface] [menu: 45] => User select item menu: 4
[29.10.2022 18:07:10 ] [INFO] [user_interface] [menu: 50] => User add new record
[29.10.2022 18:07:17 ] [INFO] [user_interface] [menu: 45] => User select item menu: 4
[29.10.2022 18:07:25 ] [INFO] [user_interface] [menu: 50] => User add new record
[29.10.2022 18:07:27 ] [INFO] [user_interface] [menu: 45] => User select item menu: 4
[29.10.2022 18:07:42 ] [INFO] [user_interface] [menu: 50] => User add new record
[29.10.2022 21:11:59 ] [INFO] [main] [<module>: 5] => Start
[29.10.2022 21:12:02 ] [INFO] [user_interface] [menu: 45] => User select item menu: 4
[29.10.2022 21:12:22 ] [INFO] [user_interface] [menu: 50] => User add new record
[29.10.2022 21:14:00 ] [INFO] [main] [<module>: 5] => Start
[29.10.2022 21:14:33 ] [INFO] [user_interface] [menu: 45] => User select item menu: 4
[29.10.2022 21:14:52 ] [INFO] [user_interface] [menu: 50] => User add new record
[29.10.2022 22:02:48 ] [INFO] [main] [<module>: 5] => Start
[29.10.2022 22:02:57 ] [INFO] [main] [<module>: 5] => Start
[29.10.2022 22:03:28 ] [INFO] [main] [<module>: 5] => Start
[29.10.2022 22:03:30 ] [INFO] [user_interface] [menu: 45] => User select item menu: 4
[29.10.2022 22:03:40 ] [INFO] [user_interface] [menu: 50] => User add new record
[29.10.2022 22:04:30 ] [INFO] [main] [<module>: 5] => Start
[29.10.2022 22:04:32 ] [INFO] [user_interface] [menu: 45] => User select item menu: 4
[29.10.2022 22:04:37 ] [INFO] [user_interface] [menu: 50] => User add new record
[29.10.2022 22:11:51 ] [INFO] [main] [<module>: 5] => Start
[29.10.2022 22:11:53 ] [INFO] [user_interface] [menu: 28] => User select item menu: 1
[29.10.2022 22:30:17 ] [INFO] [main] [<module>: 5] => Start
[29.10.2022 22:30:20 ] [INFO] [main] [<module>: 5] => Start
[29.10.2022 22:30:22 ] [INFO] [user_interface] [menu: 28] => User select item menu: 1
[29.10.2022 22:30:40 ] [INFO] [main] [<module>: 5] => Start
[29.10.2022 22:30:42 ] [INFO] [user_interface] [menu: 28] => User select item menu: 1
[29.10.2022 22:31:00 ] [INFO] [main] [<module>: 5] => Start
[29.10.2022 22:31:03 ] [INFO] [user_interface] [menu: 28] => User select item menu: 1
[29.10.2022 22:34:07 ] [INFO] [main] [<module>: 5] => Start
[29.10.2022 22:34:09 ] [INFO] [user_interface] [menu: 28] => User select item menu: 1
[30.10.2022 11:30:10 ] [INFO] [main] [<module>: 5] => Start
[30.10.2022 11:30:16 ] [INFO] [user_interface] [menu: 33] => User select item menu: 2
[30.10.2022 11:30:30 ] [INFO] [user_interface] [menu: 35] => User enter: {search}
[30.10.2022 11:31:58 ] [INFO] [main] [<module>: 5] => Start
[30.10.2022 11:32:01 ] [INFO] [user_interface] [menu: 33] => User select item menu: 2
[30.10.2022 11:32:04 ] [INFO] [user_interface] [menu: 35] => User enter: {search}
[30.10.2022 11:34:16 ] [INFO] [main] [<module>: 5] => Start
[30.10.2022 11:34:18 ] [INFO] [user_interface] [menu: 33] => User select item menu: 2
[30.10.2022 11:34:25 ] [INFO] [user_interface] [menu: 35] => User enter: {search}
[30.10.2022 11:34:56 ] [INFO] [main] [<module>: 5] => Start
[30.10.2022 11:34:59 ] [INFO] [user_interface] [menu: 33] => User select item menu: 2
[30.10.2022 11:35:04 ] [INFO] [user_interface] [menu: 35] => User enter: {search}
[30.10.2022 11:35:21 ] [INFO] [main] [<module>: 5] => Start
[30.10.2022 11:35:22 ] [INFO] [user_interface] [menu: 33] => User select item menu: 2
[30.10.2022 11:35:25 ] [INFO] [user_interface] [menu: 35] => User enter: {search}
[30.10.2022 11:36:18 ] [INFO] [user_interface] [menu: 33] => User select item menu: 2
[30.10.2022 11:36:21 ] [INFO] [user_interface] [menu: 35] => User enter: {search}
[30.10.2022 11:39:29 ] [INFO] [main] [<module>: 5] => Start
[30.10.2022 11:39:31 ] [INFO] [user_interface] [menu: 33] => User select item menu: 2
[30.10.2022 11:39:34 ] [INFO] [user_interface] [menu: 35] => User enter: {search}
[30.10.2022 11:40:07 ] [INFO] [main] [<module>: 5] => Start
[30.10.2022 11:40:11 ] [INFO] [user_interface] [menu: 33] => User select item menu: 2
[30.10.2022 11:40:14 ] [INFO] [user_interface] [menu: 35] => User enter: {search}
[30.10.2022 11:41:16 ] [INFO] [main] [<module>: 5] => Start
[30.10.2022 11:41:18 ] [INFO] [user_interface] [menu: 33] => User select item menu: 2
[30.10.2022 11:41:21 ] [INFO] [user_interface] [menu: 35] => User enter: {search}
[30.10.2022 11:42:53 ] [INFO] [main] [<module>: 5] => Start
[30.10.2022 11:42:55 ] [INFO] [user_interface] [menu: 33] => User select item menu: 2
[30.10.2022 11:42:58 ] [INFO] [user_interface] [menu: 35] => User enter: {search}
[30.10.2022 11:44:07 ] [INFO] [main] [<module>: 5] => Start
[30.10.2022 11:44:09 ] [INFO] [user_interface] [menu: 33] => User select item menu: 2
[30.10.2022 11:44:19 ] [INFO] [user_interface] [menu: 35] => User enter: {search}
[30.10.2022 12:09:59 ] [INFO] [main] [<module>: 5] => Start
[30.10.2022 12:10:01 ] [INFO] [user_interface] [menu: 33] => User select item menu: 2
[30.10.2022 12:10:05 ] [INFO] [user_interface] [menu: 35] => User enter: {search}
[30.10.2022 12:20:11 ] [INFO] [main] [<module>: 5] => Start
[30.10.2022 12:20:12 ] [INFO] [user_interface] [menu: 33] => User select item menu: 2
[30.10.2022 12:20:15 ] [INFO] [user_interface] [menu: 35] => User enter: {search}
[30.10.2022 12:20:51 ] [INFO] [main] [<module>: 5] => Start
[30.10.2022 12:20:54 ] [INFO] [user_interface] [menu: 33] => User select item menu: 2
[30.10.2022 12:20:56 ] [INFO] [user_interface] [menu: 35] => User enter: {search}
[30.10.2022 12:28:05 ] [INFO] [main] [<module>: 5] => Start
[30.10.2022 12:28:06 ] [INFO] [user_interface] [menu: 33] => User select item menu: 2
[30.10.2022 12:28:08 ] [INFO] [user_interface] [menu: 35] => User enter: {search}
[30.10.2022 12:51:35 ] [INFO] [main] [<module>: 5] => Start
[30.10.2022 12:51:39 ] [INFO] [user_interface] [menu: 39] => User select item menu: 3
[30.10.2022 12:51:48 ] [INFO] [user_interface] [menu: 41] => User entered: {search}
[30.10.2022 12:53:49 ] [INFO] [main] [<module>: 5] => Start
[30.10.2022 12:53:51 ] [INFO] [user_interface] [menu: 39] => User select item menu: 3
[30.10.2022 12:54:01 ] [INFO] [user_interface] [menu: 41] => User entered: {search}
[30.10.2022 13:12:05 ] [INFO] [main] [<module>: 5] => Start
[30.10.2022 13:12:09 ] [INFO] [user_interface] [menu: 39] => User select item menu: 3
[30.10.2022 13:12:16 ] [INFO] [user_interface] [menu: 41] => User entered: {search}
[30.10.2022 21:30:39 ] [INFO] [main] [<module>: 5] => Start
[30.10.2022 21:30:43 ] [INFO] [user_interface] [menu: 39] => User select item menu: 3
[30.10.2022 21:30:45 ] [INFO] [user_interface] [menu: 41] => User entered: {search}
[30.10.2022 21:30:59 ] [INFO] [main] [<module>: 5] => Start
[30.10.2022 21:31:01 ] [INFO] [user_interface] [menu: 39] => User select item menu: 3
[30.10.2022 21:31:02 ] [INFO] [user_interface] [menu: 41] => User entered: {search}
[31.10.2022 00:38:45 ] [INFO] [main] [<module>: 5] => Start
[31.10.2022 00:38:55 ] [INFO] [user_interface] [menu: 97] => User select item menu: 6
[31.10.2022 00:38:58 ] [INFO] [user_interface] [menu: 104] => User select item menu: 6_1
[31.10.2022 00:39:03 ] [INFO] [user_interface] [menu: 106] => User entered: {search}
[31.10.2022 00:40:30 ] [INFO] [main] [<module>: 5] => Start
[31.10.2022 00:40:32 ] [INFO] [user_interface] [menu: 97] => User select item menu: 6
[31.10.2022 00:40:34 ] [INFO] [user_interface] [menu: 104] => User select item menu: 6_1
[31.10.2022 00:40:36 ] [INFO] [user_interface] [menu: 106] => User entered: {search}
[31.10.2022 00:40:44 ] [INFO] [main] [<module>: 5] => Start
[31.10.2022 00:40:45 ] [INFO] [user_interface] [menu: 97] => User select item menu: 6
[31.10.2022 00:40:46 ] [INFO] [user_interface] [menu: 104] => User select item menu: 6_1
[31.10.2022 00:40:49 ] [INFO] [user_interface] [menu: 106] => User entered: {search}
[31.10.2022 00:42:09 ] [INFO] [main] [<module>: 5] => Start
[31.10.2022 00:42:11 ] [INFO] [user_interface] [menu: 97] => User select item menu: 6
[31.10.2022 00:42:12 ] [INFO] [user_interface] [menu: 104] => User select item menu: 6_1
[31.10.2022 00:42:15 ] [INFO] [user_interface] [menu: 106] => User entered: {search}
[31.10.2022 12:29:14 ] [INFO] [main] [<module>: 5] => Start
[31.10.2022 12:29:16 ] [INFO] [main] [<module>: 5] => Start
[31.10.2022 12:29:19 ] [INFO] [user_interface] [menu: 97] => User select item menu: 6
[31.10.2022 12:29:56 ] [INFO] [main] [<module>: 5] => Start
[31.10.2022 12:29:58 ] [INFO] [user_interface] [menu: 97] => User select item menu: 6
[31.10.2022 12:30:46 ] [INFO] [main] [<module>: 5] => Start
[31.10.2022 12:30:48 ] [INFO] [user_interface] [menu: 97] => User select item menu: 6
[31.10.2022 13:22:01 ] [INFO] [main] [<module>: 5] => Start
[31.10.2022 13:22:05 ] [INFO] [user_interface] [menu: 97] => User select item menu: 6
[31.10.2022 13:22:07 ] [INFO] [user_interface] [menu: 110] => User select item menu: 6_2
[31.10.2022 13:22:16 ] [INFO] [user_interface] [menu: 112] => User entered: {search}
[31.10.2022 13:52:37 ] [INFO] [main] [<module>: 5] => Start
[31.10.2022 13:53:37 ] [INFO] [user_interface] [menu: 71] => User select item menu: 6
[31.10.2022 13:53:39 ] [INFO] [user_interface] [menu: 83] => User select item menu: 6_2
[31.10.2022 13:53:48 ] [INFO] [user_interface] [menu: 85] => User entered: {search}
[31.10.2022 17:02:03 ] [INFO] [main] [<module>: 5] => Start
[31.10.2022 17:03:44 ] [INFO] [main] [<module>: 5] => Start
[31.10.2022 17:03:49 ] [INFO] [user_interface] [menu: 52] => User select item menu: 5
[31.10.2022 17:03:50 ] [INFO] [user_interface] [menu: 58] => User select item menu: 6_1
[31.10.2022 17:04:00 ] [INFO] [user_interface] [menu: 60] => User entered: Северов
[01.11.2022 08:57:39 ] [INFO] [main] [<module>: 5] => Start
[01.11.2022 08:57:43 ] [INFO] [user_interface] [menu: 52] => User select item menu: 5
[01.11.2022 08:57:44 ] [INFO] [user_interface] [menu: 58] => User select item menu: 6_1
[01.11.2022 08:59:28 ] [INFO] [user_interface] [menu: 60] => User entered: "C:/Program Files/Python310/python.exe" c:/DEV/Python/HW_7_1_TEL/main.py
[01.11.2022 08:59:36 ] [INFO] [user_interface] [menu: 52] => User select item menu: 5
[01.11.2022 08:59:38 ] [INFO] [user_interface] [menu: 58] => User select item menu: 6_1
[01.11.2022 08:59:47 ] [INFO] [user_interface] [menu: 60] => User entered: Михеева
[01.11.2022 09:01:36 ] [INFO] [main] [<module>: 5] => Start
[01.11.2022 09:01:39 ] [INFO] [user_interface] [menu: 52] => User select item menu: 5
[01.11.2022 09:01:41 ] [INFO] [user_interface] [menu: 58] => User select item menu: 6_1
[01.11.2022 09:01:47 ] [INFO] [user_interface] [menu: 60] => User entered: Михеева
[01.11.2022 09:04:04 ] [INFO] [main] [<module>: 5] => Start
[01.11.2022 09:04:07 ] [INFO] [user_interface] [menu: 52] => User select item menu: 5
[01.11.2022 09:04:08 ] [INFO] [user_interface] [menu: 58] => User select item menu: 6_1
[01.11.2022 09:04:13 ] [INFO] [user_interface] [menu: 60] => User entered: МИхеева
[01.11.2022 09:07:40 ] [INFO] [main] [<module>: 5] => Start
[01.11.2022 09:07:43 ] [INFO] [user_interface] [menu: 52] => User select item menu: 5
[01.11.2022 09:07:44 ] [INFO] [user_interface] [menu: 58] => User select item menu: 6_1
[01.11.2022 09:07:49 ] [INFO] [user_interface] [menu: 60] => User entered: Михеева
[01.11.2022 09:10:58 ] [INFO] [main] [<module>: 5] => Start
[01.11.2022 09:11:01 ] [INFO] [user_interface] [menu: 52] => User select item menu: 5
[01.11.2022 09:11:02 ] [INFO] [user_interface] [menu: 58] => User select item menu: 6_1
[01.11.2022 09:11:05 ] [INFO] [user_interface] [menu: 60] => User entered: Михеева
[01.11.2022 09:38:22 ] [INFO] [main] [<module>: 5] => Start
[01.11.2022 09:38:23 ] [INFO] [user_interface] [menu: 52] => User select item menu: 5
[01.11.2022 09:38:25 ] [INFO] [user_interface] [menu: 58] => User select item menu: 6_1
[01.11.2022 09:38:28 ] [INFO] [user_interface] [menu: 60] => User entered: Михеева
[01.11.2022 11:34:00 ] [INFO] [main] [<module>: 5] => Start
[01.11.2022 11:34:07 ] [INFO] [user_interface] [menu: 52] => User select item menu: 5
[01.11.2022 11:34:08 ] [INFO] [user_interface] [menu: 58] => User select item menu: 6_1
[01.11.2022 11:34:16 ] [INFO] [user_interface] [menu: 60] => User entered: Алексеев
[01.11.2022 11:35:27 ] [INFO] [main] [<module>: 5] => Start
[01.11.2022 11:35:29 ] [INFO] [user_interface] [menu: 52] => User select item menu: 5
[01.11.2022 11:35:31 ] [INFO] [user_interface] [menu: 58] => User select item menu: 6_1
[01.11.2022 11:35:43 ] [INFO] [user_interface] [menu: 60] => User entered: Алексеев
[01.11.2022 11:47:23 ] [INFO] [main] [<module>: 5] => Start
[01.11.2022 11:47:27 ] [INFO] [user_interface] [menu: 52] => User select item menu: 5
[01.11.2022 11:47:30 ] [INFO] [user_interface] [menu: 65] => User select item menu: 6_2
[01.11.2022 11:47:34 ] [INFO] [user_interface] [menu: 67] => User entered: 89156547865
[01.11.2022 20:45:37 ] [INFO] [main] [<module>: 5] => Start
[01.11.2022 20:45:44 ] [INFO] [user_interface] [menu: 28] => User select item menu: 1
[01.11.2022 20:45:53 ] [INFO] [user_interface] [menu: 91] => End
[01.11.2022 20:49:33 ] [INFO] [main] [<module>: 5] => Start
[01.11.2022 20:53:20 ] [INFO] [main] [<module>: 5] => Start
[01.11.2022 20:53:22 ] [INFO] [user_interface] [menu: 96] => User entered an invalid menu value: 4564
[01.11.2022 20:57:22 ] [INFO] [main] [<module>: 5] => Start
[01.11.2022 20:57:31 ] [INFO] [user_interface] [menu: 96] => User entered an invalid menu value: 454
[01.11.2022 20:57:35 ] [INFO] [user_interface] [menu: 96] => User entered an invalid menu value: "C:/Program Files/Python310/python.exe" c:/DEV/Python/HW_7_1_TEL/main.py
[01.11.2022 20:57:40 ] [INFO] [user_interface] [menu: 96] => User entered an invalid menu value: "C:/Program Files/Python310/python.exe" c:/DEV/Python/HW_7_1_TEL/main.py
[01.11.2022 20:57:46 ] [INFO] [user_interface] [menu: 96] => User entered an invalid menu value: 1
[01.11.2022 20:57:50 ] [INFO] [user_interface] [menu: 96] => User entered an invalid menu value: 2
[01.11.2022 20:57:52 ] [INFO] [user_interface] [menu: 96] => User entered an invalid menu value: 3
[01.11.2022 20:57:53 ] [INFO] [user_interface] [menu: 96] => User entered an invalid menu value: 4
[01.11.2022 20:57:53 ] [INFO] [user_interface] [menu: 96] => User entered an invalid menu value: 5
[01.11.2022 20:57:54 ] [INFO] [user_interface] [menu: 96] => User entered an invalid menu value: 6
[01.11.2022 20:57:59 ] [INFO] [user_interface] [menu: 96] => User entered an invalid menu value: "C:/Program Files/Python310/python.exe" c:/DEV/Python/HW_7_1_TEL/main.py
[01.11.2022 20:59:46 ] [INFO] [main] [<module>: 5] => Start
[01.11.2022 20:59:49 ] [INFO] [user_interface] [menu: 96] => User entered an invalid menu value: 45
[01.11.2022 20:59:51 ] [INFO] [user_interface] [menu: 96] => User entered an invalid menu value: 1
[01.11.2022 21:00:10 ] [INFO] [user_interface] [menu: 96] => User entered an invalid menu value: "C:/Program Files/Python310/python.exe" c:/DEV/Python/HW_7_1_TEL/main.py
[01.11.2022 21:00:11 ] [INFO] [user_interface] [menu: 96] => User entered an invalid menu value: "C:/Program Files/Python310/python.exe" c:/DEV/Python/HW_7_1_TEL/main.py
[01.11.2022 21:00:13 ] [INFO] [user_interface] [menu: 96] => User entered an invalid menu value: 1
[01.11.2022 21:00:14 ] [INFO] [user_interface] [menu: 96] => User entered an invalid menu value: 2
[01.11.2022 21:00:15 ] [INFO] [user_interface] [menu: 96] => User entered an invalid menu value: 3
[01.11.2022 21:00:43 ] [INFO] [main] [<module>: 5] => Start
[01.11.2022 21:00:45 ] [INFO] [user_interface] [menu: 28] => User select item menu: 1
[01.11.2022 21:00:48 ] [INFO] [user_interface] [menu: 33] => User select item menu: 2
[01.11.2022 21:01:12 ] [INFO] [user_interface] [menu: 35] => User enter: Якушенко
[01.11.2022 21:02:28 ] [INFO] [main] [<module>: 5] => Start
[01.11.2022 21:02:58 ] [INFO] [user_interface] [menu: 39] => User select item menu: 3
[01.11.2022 21:03:06 ] [INFO] [user_interface] [menu: 41] => User entered: 89136544532
[01.11.2022 21:03:35 ] [INFO] [user_interface] [menu: 45] => User select item menu: 4
[01.11.2022 21:03:51 ] [INFO] [user_interface] [menu: 48] => User add new record
[01.11.2022 21:04:01 ] [INFO] [user_interface] [menu: 52] => User select item menu: 5
